[2021-10-07 17:57:49.686] [main] [INFO ] com.centerm.fud_demo.FudDemoApplication - Starting FudDemoApplication on ouyangyideMini with PID 55229 (/Users/ouyangyi/IdeaProjects/fud-imp-demo/target/classes started by ouyangyi in /Users/ouyangyi/IdeaProjects/fud-imp-demo)
[2021-10-07 17:57:49.687] [main] [INFO ] com.centerm.fud_demo.FudDemoApplication - The following profiles are active: test
[2021-10-07 17:57:50.208] [main] [INFO ] o.s.c.s.PostProcessorRegistrationDelegate$BeanPostProcessorChecker - Bean 'shiroConfig' of type [com.centerm.fud_demo.shiro.conf.ShiroConfig$$EnhancerBySpringCGLIB$$c53a1bf3] is not eligible for getting processed by all BeanPostProcessors (for example: not eligible for auto-proxying)
[2021-10-07 17:57:50.329] [main] [INFO ] o.s.c.s.PostProcessorRegistrationDelegate$BeanPostProcessorChecker - Bean 'hashedCredentialsMatcher' of type [org.apache.shiro.authc.credential.HashedCredentialsMatcher] is not eligible for getting processed by all BeanPostProcessors (for example: not eligible for auto-proxying)
[2021-10-07 17:57:50.366] [main] [INFO ] o.s.c.s.PostProcessorRegistrationDelegate$BeanPostProcessorChecker - Bean 'dataSourceConfig' of type [com.centerm.fud_demo.config.DataSourceConfig$$EnhancerBySpringCGLIB$$a24ed724] is not eligible for getting processed by all BeanPostProcessors (for example: not eligible for auto-proxying)
[2021-10-07 17:57:50.398] [main] [INFO ] o.s.c.s.PostProcessorRegistrationDelegate$BeanPostProcessorChecker - Bean 'dataSource' of type [com.alibaba.druid.pool.DruidDataSource] is not eligible for getting processed by all BeanPostProcessors (for example: not eligible for auto-proxying)
[2021-10-07 17:57:50.529] [main] [INFO ] o.s.c.s.PostProcessorRegistrationDelegate$BeanPostProcessorChecker - Bean 'sqlSessionFactory' of type [org.apache.ibatis.session.defaults.DefaultSqlSessionFactory] is not eligible for getting processed by all BeanPostProcessors (for example: not eligible for auto-proxying)
[2021-10-07 17:57:50.563] [main] [INFO ] o.s.c.s.PostProcessorRegistrationDelegate$BeanPostProcessorChecker - Bean 'userDao' of type [org.mybatis.spring.mapper.MapperFactoryBean] is not eligible for getting processed by all BeanPostProcessors (for example: not eligible for auto-proxying)
[2021-10-07 17:57:50.564] [main] [INFO ] o.s.c.s.PostProcessorRegistrationDelegate$BeanPostProcessorChecker - Bean 'userDao' of type [com.sun.proxy.$Proxy63] is not eligible for getting processed by all BeanPostProcessors (for example: not eligible for auto-proxying)
[2021-10-07 17:57:50.564] [main] [INFO ] o.s.c.s.PostProcessorRegistrationDelegate$BeanPostProcessorChecker - Bean 'userServiceImpl' of type [com.centerm.fud_demo.service.Impl.UserServiceImpl] is not eligible for getting processed by all BeanPostProcessors (for example: not eligible for auto-proxying)
[2021-10-07 17:57:50.564] [main] [INFO ] o.s.c.s.PostProcessorRegistrationDelegate$BeanPostProcessorChecker - Bean 'shiroRealm' of type [com.centerm.fud_demo.shiro.UserRealm] is not eligible for getting processed by all BeanPostProcessors (for example: not eligible for auto-proxying)
[2021-10-07 17:57:50.630] [main] [INFO ] o.s.c.s.PostProcessorRegistrationDelegate$BeanPostProcessorChecker - Bean 'ehCacheManager' of type [org.apache.shiro.cache.ehcache.EhCacheManager] is not eligible for getting processed by all BeanPostProcessors (for example: not eligible for auto-proxying)
[2021-10-07 17:57:50.631] [main] [INFO ] org.apache.shiro.cache.ehcache.EhCacheManager - Using existing EHCache named [authenticationCache]
[2021-10-07 17:57:50.632] [main] [INFO ] org.apache.shiro.cache.ehcache.EhCacheManager - Using existing EHCache named [authorizationCache]
[2021-10-07 17:57:50.633] [main] [INFO ] o.s.c.s.PostProcessorRegistrationDelegate$BeanPostProcessorChecker - Bean 'sessionListener' of type [com.centerm.fud_demo.listener.Listener] is not eligible for getting processed by all BeanPostProcessors (for example: not eligible for auto-proxying)
[2021-10-07 17:57:50.634] [main] [INFO ] o.s.c.s.PostProcessorRegistrationDelegate$BeanPostProcessorChecker - Bean 'sessionIdCookie' of type [org.apache.shiro.web.servlet.SimpleCookie] is not eligible for getting processed by all BeanPostProcessors (for example: not eligible for auto-proxying)
[2021-10-07 17:57:50.635] [main] [INFO ] o.s.c.s.PostProcessorRegistrationDelegate$BeanPostProcessorChecker - Bean 'sessionIdGenerator' of type [org.apache.shiro.session.mgt.eis.JavaUuidSessionIdGenerator] is not eligible for getting processed by all BeanPostProcessors (for example: not eligible for auto-proxying)
[2021-10-07 17:57:50.635] [main] [INFO ] o.s.c.s.PostProcessorRegistrationDelegate$BeanPostProcessorChecker - Bean 'sessionDAO' of type [org.apache.shiro.session.mgt.eis.EnterpriseCacheSessionDAO] is not eligible for getting processed by all BeanPostProcessors (for example: not eligible for auto-proxying)
[2021-10-07 17:57:50.637] [main] [INFO ] o.s.c.s.PostProcessorRegistrationDelegate$BeanPostProcessorChecker - Bean 'sessionManager' of type [org.apache.shiro.web.session.mgt.DefaultWebSessionManager] is not eligible for getting processed by all BeanPostProcessors (for example: not eligible for auto-proxying)
[2021-10-07 17:57:50.638] [main] [INFO ] o.s.c.s.PostProcessorRegistrationDelegate$BeanPostProcessorChecker - Bean 'securityManager' of type [org.apache.shiro.web.mgt.DefaultWebSecurityManager] is not eligible for getting processed by all BeanPostProcessors (for example: not eligible for auto-proxying)
[2021-10-07 17:57:50.639] [main] [INFO ] o.s.c.s.PostProcessorRegistrationDelegate$BeanPostProcessorChecker - Bean 'getMethodInvokingFactoryBean' of type [org.springframework.beans.factory.config.MethodInvokingFactoryBean] is not eligible for getting processed by all BeanPostProcessors (for example: not eligible for auto-proxying)
[2021-10-07 17:57:50.640] [main] [INFO ] org.apache.shiro.cache.ehcache.EhCacheManager - Using existing EHCache named [shiro-activeSessionCache]
[2021-10-07 17:57:50.640] [main] [INFO ] o.s.c.s.PostProcessorRegistrationDelegate$BeanPostProcessorChecker - Bean 'kickoutSessionControlFilter' of type [com.centerm.fud_demo.filter.KickoutSessionControllerFilter] is not eligible for getting processed by all BeanPostProcessors (for example: not eligible for auto-proxying)
[2021-10-07 17:57:50.653] [main] [INFO ] o.s.c.s.PostProcessorRegistrationDelegate$BeanPostProcessorChecker - Bean 'org.springframework.transaction.annotation.ProxyTransactionManagementConfiguration' of type [org.springframework.transaction.annotation.ProxyTransactionManagementConfiguration] is not eligible for getting processed by all BeanPostProcessors (for example: not eligible for auto-proxying)
[2021-10-07 17:57:50.884] [main] [INFO ] o.s.boot.web.embedded.tomcat.TomcatWebServer - Tomcat initialized with port(s): 8088 (http)
[2021-10-07 17:57:50.889] [main] [INFO ] org.apache.coyote.http11.Http11NioProtocol - Initializing ProtocolHandler ["http-nio-8088"]
[2021-10-07 17:57:50.890] [main] [INFO ] org.apache.catalina.core.StandardService - Starting service [Tomcat]
[2021-10-07 17:57:50.890] [main] [INFO ] org.apache.catalina.core.StandardEngine - Starting Servlet engine: [Apache Tomcat/9.0.29]
[2021-10-07 17:57:50.930] [main] [INFO ] o.a.c.core.ContainerBase.[Tomcat].[localhost].[/] - Initializing Spring embedded WebApplicationContext
[2021-10-07 17:57:50.930] [main] [INFO ] org.springframework.web.context.ContextLoader - Root WebApplicationContext: initialization completed in 1214 ms
[2021-10-07 17:57:50.936] [main] [INFO ] com.centerm.fud_demo.config.DruidConfig - druid初始化完成
[2021-10-07 17:57:50.975] [Thread-5] [INFO ] com.centerm.fud_demo.listener.FileListener - File Listener start...
[2021-10-07 17:57:50.975] [Thread-5] [INFO ] com.centerm.fud_demo.listener.FileListener - File Listener stop...
[2021-10-07 17:57:51.027] [main] [INFO ] o.s.scheduling.concurrent.ThreadPoolTaskExecutor - Initializing ExecutorService
[2021-10-07 17:57:51.027] [main] [INFO ] o.s.scheduling.concurrent.ThreadPoolTaskExecutor - Initializing ExecutorService 'defaultThreadPool'
[2021-10-07 17:57:51.232] [main] [INFO ] org.apache.coyote.http11.Http11NioProtocol - Starting ProtocolHandler ["http-nio-8088"]
[2021-10-07 17:57:51.247] [main] [INFO ] o.s.boot.web.embedded.tomcat.TomcatWebServer - Tomcat started on port(s): 8088 (http) with context path ''
[2021-10-07 17:57:51.249] [main] [INFO ] com.centerm.fud_demo.FudDemoApplication - Started FudDemoApplication in 1.771 seconds (JVM running for 2.311)
[2021-10-07 17:57:55.980] [Thread-5] [INFO ] com.centerm.fud_demo.listener.FileListener - File Listener start...
[2021-10-07 17:57:55.981] [Thread-5] [INFO ] com.centerm.fud_demo.listener.FileListener - File Listener stop...
[2021-10-07 17:58:00.983] [Thread-5] [INFO ] com.centerm.fud_demo.listener.FileListener - File Listener start...
[2021-10-07 17:58:00.983] [Thread-5] [INFO ] com.centerm.fud_demo.listener.FileListener - File Listener stop...
[2021-10-07 17:58:05.987] [Thread-5] [INFO ] com.centerm.fud_demo.listener.FileListener - File Listener start...
[2021-10-07 17:58:05.988] [Thread-5] [INFO ] com.centerm.fud_demo.listener.FileListener - File Listener stop...
[2021-10-07 17:58:10.988] [Thread-5] [INFO ] com.centerm.fud_demo.listener.FileListener - File Listener start...
[2021-10-07 17:58:10.989] [Thread-5] [INFO ] com.centerm.fud_demo.listener.FileListener - File Listener stop...
[2021-10-07 17:58:15.993] [Thread-5] [INFO ] com.centerm.fud_demo.listener.FileListener - File Listener start...
[2021-10-07 17:58:15.993] [Thread-5] [INFO ] com.centerm.fud_demo.listener.FileListener - File Listener stop...
[2021-10-07 17:58:20.998] [Thread-5] [INFO ] com.centerm.fud_demo.listener.FileListener - File Listener start...
[2021-10-07 17:58:20.999] [Thread-5] [INFO ] com.centerm.fud_demo.listener.FileListener - File Listener stop...
[2021-10-07 17:58:26.004] [Thread-5] [INFO ] com.centerm.fud_demo.listener.FileListener - File Listener start...
[2021-10-07 17:58:26.005] [Thread-5] [INFO ] com.centerm.fud_demo.listener.FileListener - File Listener stop...
[2021-10-07 17:58:31.010] [Thread-5] [INFO ] com.centerm.fud_demo.listener.FileListener - File Listener start...
[2021-10-07 17:58:31.010] [Thread-5] [INFO ] com.centerm.fud_demo.listener.FileListener - File Listener stop...
[2021-10-07 17:58:36.014] [Thread-5] [INFO ] com.centerm.fud_demo.listener.FileListener - File Listener start...
[2021-10-07 17:58:36.014] [Thread-5] [INFO ] com.centerm.fud_demo.listener.FileListener - File Listener stop...
[2021-10-07 17:58:41.015] [Thread-5] [INFO ] com.centerm.fud_demo.listener.FileListener - File Listener start...
[2021-10-07 17:58:41.015] [Thread-5] [INFO ] com.centerm.fud_demo.listener.FileListener - File Listener stop...
[2021-10-07 17:58:46.020] [Thread-5] [INFO ] com.centerm.fud_demo.listener.FileListener - File Listener start...
[2021-10-07 17:58:46.021] [Thread-5] [INFO ] com.centerm.fud_demo.listener.FileListener - File Listener stop...
[2021-10-07 17:58:51.024] [Thread-5] [INFO ] com.centerm.fud_demo.listener.FileListener - File Listener start...
[2021-10-07 17:58:51.024] [Thread-5] [INFO ] com.centerm.fud_demo.listener.FileListener - File Listener stop...
[2021-10-07 17:58:56.028] [Thread-5] [INFO ] com.centerm.fud_demo.listener.FileListener - File Listener start...
[2021-10-07 17:58:56.029] [Thread-5] [INFO ] com.centerm.fud_demo.listener.FileListener - File Listener stop...
[2021-10-07 17:59:01.034] [Thread-5] [INFO ] com.centerm.fud_demo.listener.FileListener - File Listener start...
[2021-10-07 17:59:01.035] [Thread-5] [INFO ] com.centerm.fud_demo.listener.FileListener - File Listener stop...
[2021-10-07 17:59:06.040] [Thread-5] [INFO ] com.centerm.fud_demo.listener.FileListener - File Listener start...
[2021-10-07 17:59:06.040] [Thread-5] [INFO ] com.centerm.fud_demo.listener.FileListener - File Listener stop...
[2021-10-07 17:59:11.044] [Thread-5] [INFO ] com.centerm.fud_demo.listener.FileListener - File Listener start...
[2021-10-07 17:59:11.044] [Thread-5] [INFO ] com.centerm.fud_demo.listener.FileListener - File Listener stop...
[2021-10-07 17:59:16.049] [Thread-5] [INFO ] com.centerm.fud_demo.listener.FileListener - File Listener start...
[2021-10-07 17:59:16.050] [Thread-5] [INFO ] com.centerm.fud_demo.listener.FileListener - File Listener stop...
[2021-10-07 17:59:21.055] [Thread-5] [INFO ] com.centerm.fud_demo.listener.FileListener - File Listener start...
[2021-10-07 17:59:21.056] [Thread-5] [INFO ] com.centerm.fud_demo.listener.FileListener - File Listener stop...
[2021-10-07 17:59:26.058] [Thread-5] [INFO ] com.centerm.fud_demo.listener.FileListener - File Listener start...
[2021-10-07 17:59:26.059] [Thread-5] [INFO ] com.centerm.fud_demo.listener.FileListener - File Listener stop...
[2021-10-07 17:59:31.064] [Thread-5] [INFO ] com.centerm.fud_demo.listener.FileListener - File Listener start...
[2021-10-07 17:59:31.065] [Thread-5] [INFO ] com.centerm.fud_demo.listener.FileListener - File Listener stop...
[2021-10-07 17:59:36.069] [Thread-5] [INFO ] com.centerm.fud_demo.listener.FileListener - File Listener start...
[2021-10-07 17:59:36.070] [Thread-5] [INFO ] com.centerm.fud_demo.listener.FileListener - File Listener stop...
[2021-10-07 17:59:41.075] [Thread-5] [INFO ] com.centerm.fud_demo.listener.FileListener - File Listener start...
[2021-10-07 17:59:41.075] [Thread-5] [INFO ] com.centerm.fud_demo.listener.FileListener - File Listener stop...
[2021-10-07 17:59:46.080] [Thread-5] [INFO ] com.centerm.fud_demo.listener.FileListener - File Listener start...
[2021-10-07 17:59:46.080] [Thread-5] [INFO ] com.centerm.fud_demo.listener.FileListener - File Listener stop...
[2021-10-07 17:59:51.086] [Thread-5] [INFO ] com.centerm.fud_demo.listener.FileListener - File Listener start...
[2021-10-07 17:59:51.087] [Thread-5] [INFO ] com.centerm.fud_demo.listener.FileListener - File Listener stop...
[2021-10-07 17:59:56.092] [Thread-5] [INFO ] com.centerm.fud_demo.listener.FileListener - File Listener start...
[2021-10-07 17:59:56.092] [Thread-5] [INFO ] com.centerm.fud_demo.listener.FileListener - File Listener stop...
[2021-10-07 18:00:01.097] [Thread-5] [INFO ] com.centerm.fud_demo.listener.FileListener - File Listener start...
[2021-10-07 18:00:01.098] [Thread-5] [INFO ] com.centerm.fud_demo.listener.FileListener - File Listener stop...
[2021-10-07 18:00:06.101] [Thread-5] [INFO ] com.centerm.fud_demo.listener.FileListener - File Listener start...
[2021-10-07 18:00:06.102] [Thread-5] [INFO ] com.centerm.fud_demo.listener.FileListener - File Listener stop...
[2021-10-07 18:00:11.104] [Thread-5] [INFO ] com.centerm.fud_demo.listener.FileListener - File Listener start...
[2021-10-07 18:00:11.105] [Thread-5] [INFO ] com.centerm.fud_demo.listener.FileListener - File Listener stop...
[2021-10-07 18:00:16.109] [Thread-5] [INFO ] com.centerm.fud_demo.listener.FileListener - File Listener start...
[2021-10-07 18:00:16.109] [Thread-5] [INFO ] com.centerm.fud_demo.listener.FileListener - File Listener stop...
[2021-10-07 18:00:21.115] [Thread-5] [INFO ] com.centerm.fud_demo.listener.FileListener - File Listener start...
[2021-10-07 18:00:21.115] [Thread-5] [INFO ] com.centerm.fud_demo.listener.FileListener - File Listener stop...
[2021-10-07 18:00:26.118] [Thread-5] [INFO ] com.centerm.fud_demo.listener.FileListener - File Listener start...
[2021-10-07 18:00:26.119] [Thread-5] [INFO ] com.centerm.fud_demo.listener.FileListener - File Listener stop...
[2021-10-07 18:00:31.123] [Thread-5] [INFO ] com.centerm.fud_demo.listener.FileListener - File Listener start...
[2021-10-07 18:00:31.124] [Thread-5] [INFO ] com.centerm.fud_demo.listener.FileListener - File Listener stop...
[2021-10-07 18:00:36.129] [Thread-5] [INFO ] com.centerm.fud_demo.listener.FileListener - File Listener start...
[2021-10-07 18:00:36.135] [Thread-5] [INFO ] com.centerm.fud_demo.listener.FileListener - File Listener stop...
[2021-10-07 18:00:41.140] [Thread-5] [INFO ] com.centerm.fud_demo.listener.FileListener - File Listener start...
[2021-10-07 18:00:41.141] [Thread-5] [INFO ] com.centerm.fud_demo.listener.FileListener - File Listener stop...
[2021-10-07 18:00:46.146] [Thread-5] [INFO ] com.centerm.fud_demo.listener.FileListener - File Listener start...
[2021-10-07 18:00:46.157] [Thread-5] [INFO ] com.centerm.fud_demo.listener.FileListener - File Listener stop...
[2021-10-07 18:00:51.162] [Thread-5] [INFO ] com.centerm.fud_demo.listener.FileListener - File Listener start...
[2021-10-07 18:00:51.162] [Thread-5] [INFO ] com.centerm.fud_demo.listener.FileListener - File Listener stop...
[2021-10-07 18:00:56.163] [Thread-5] [INFO ] com.centerm.fud_demo.listener.FileListener - File Listener start...
[2021-10-07 18:00:56.164] [Thread-5] [INFO ] com.centerm.fud_demo.listener.FileListener - File Listener stop...
[2021-10-07 18:01:01.169] [Thread-5] [INFO ] com.centerm.fud_demo.listener.FileListener - File Listener start...
[2021-10-07 18:01:01.169] [Thread-5] [INFO ] com.centerm.fud_demo.listener.FileListener - File Listener stop...
[2021-10-07 18:01:06.174] [Thread-5] [INFO ] com.centerm.fud_demo.listener.FileListener - File Listener start...
[2021-10-07 18:01:06.175] [Thread-5] [INFO ] com.centerm.fud_demo.listener.FileListener - File Listener stop...
[2021-10-07 18:01:11.178] [Thread-5] [INFO ] com.centerm.fud_demo.listener.FileListener - File Listener start...
[2021-10-07 18:01:11.179] [Thread-5] [INFO ] com.centerm.fud_demo.listener.FileListener - File Listener stop...
[2021-10-07 18:01:16.184] [Thread-5] [INFO ] com.centerm.fud_demo.listener.FileListener - File Listener start...
[2021-10-07 18:01:16.185] [Thread-5] [INFO ] com.centerm.fud_demo.listener.FileListener - File Listener stop...
[2021-10-07 18:01:21.186] [Thread-5] [INFO ] com.centerm.fud_demo.listener.FileListener - File Listener start...
[2021-10-07 18:01:21.187] [Thread-5] [INFO ] com.centerm.fud_demo.listener.FileListener - File Listener stop...
[2021-10-07 18:01:26.192] [Thread-5] [INFO ] com.centerm.fud_demo.listener.FileListener - File Listener start...
[2021-10-07 18:01:26.193] [Thread-5] [INFO ] com.centerm.fud_demo.listener.FileListener - File Listener stop...
[2021-10-07 18:01:31.194] [Thread-5] [INFO ] com.centerm.fud_demo.listener.FileListener - File Listener start...
[2021-10-07 18:01:31.195] [Thread-5] [INFO ] com.centerm.fud_demo.listener.FileListener - File Listener stop...
[2021-10-07 18:01:36.198] [Thread-5] [INFO ] com.centerm.fud_demo.listener.FileListener - File Listener start...
[2021-10-07 18:01:36.198] [Thread-5] [INFO ] com.centerm.fud_demo.listener.FileListener - File Listener stop...
[2021-10-07 18:01:41.203] [Thread-5] [INFO ] com.centerm.fud_demo.listener.FileListener - File Listener start...
[2021-10-07 18:01:41.204] [Thread-5] [INFO ] com.centerm.fud_demo.listener.FileListener - File Listener stop...
[2021-10-07 18:01:46.209] [Thread-5] [INFO ] com.centerm.fud_demo.listener.FileListener - File Listener start...
[2021-10-07 18:01:46.209] [Thread-5] [INFO ] com.centerm.fud_demo.listener.FileListener - File Listener stop...
[2021-10-07 18:01:51.214] [Thread-5] [INFO ] com.centerm.fud_demo.listener.FileListener - File Listener start...
[2021-10-07 18:01:51.214] [Thread-5] [INFO ] com.centerm.fud_demo.listener.FileListener - File Listener stop...
[2021-10-07 18:01:56.218] [Thread-5] [INFO ] com.centerm.fud_demo.listener.FileListener - File Listener start...
[2021-10-07 18:01:56.218] [Thread-5] [INFO ] com.centerm.fud_demo.listener.FileListener - File Listener stop...
[2021-10-07 18:02:01.221] [Thread-5] [INFO ] com.centerm.fud_demo.listener.FileListener - File Listener start...
[2021-10-07 18:02:01.222] [Thread-5] [INFO ] com.centerm.fud_demo.listener.FileListener - File Listener stop...
[2021-10-07 18:02:06.224] [Thread-5] [INFO ] com.centerm.fud_demo.listener.FileListener - File Listener start...
[2021-10-07 18:02:06.224] [Thread-5] [INFO ] com.centerm.fud_demo.listener.FileListener - File Listener stop...
[2021-10-07 18:02:11.226] [Thread-5] [INFO ] com.centerm.fud_demo.listener.FileListener - File Listener start...
[2021-10-07 18:02:11.226] [Thread-5] [INFO ] com.centerm.fud_demo.listener.FileListener - File Listener stop...
[2021-10-07 18:02:16.231] [Thread-5] [INFO ] com.centerm.fud_demo.listener.FileListener - File Listener start...
[2021-10-07 18:02:16.231] [Thread-5] [INFO ] com.centerm.fud_demo.listener.FileListener - File Listener stop...
[2021-10-07 18:02:21.236] [Thread-5] [INFO ] com.centerm.fud_demo.listener.FileListener - File Listener start...
[2021-10-07 18:02:21.237] [Thread-5] [INFO ] com.centerm.fud_demo.listener.FileListener - File Listener stop...
[2021-10-07 18:02:26.242] [Thread-5] [INFO ] com.centerm.fud_demo.listener.FileListener - File Listener start...
[2021-10-07 18:02:26.243] [Thread-5] [INFO ] com.centerm.fud_demo.listener.FileListener - File Listener stop...
[2021-10-07 18:02:31.245] [Thread-5] [INFO ] com.centerm.fud_demo.listener.FileListener - File Listener start...
[2021-10-07 18:02:31.246] [Thread-5] [INFO ] com.centerm.fud_demo.listener.FileListener - File Listener stop...
[2021-10-07 18:02:36.246] [Thread-5] [INFO ] com.centerm.fud_demo.listener.FileListener - File Listener start...
[2021-10-07 18:02:36.247] [Thread-5] [INFO ] com.centerm.fud_demo.listener.FileListener - File Listener stop...
[2021-10-07 18:02:41.252] [Thread-5] [INFO ] com.centerm.fud_demo.listener.FileListener - File Listener start...
[2021-10-07 18:02:41.252] [Thread-5] [INFO ] com.centerm.fud_demo.listener.FileListener - File Listener stop...
[2021-10-07 18:02:46.257] [Thread-5] [INFO ] com.centerm.fud_demo.listener.FileListener - File Listener start...
[2021-10-07 18:02:46.258] [Thread-5] [INFO ] com.centerm.fud_demo.listener.FileListener - File Listener stop...
[2021-10-07 18:02:51.263] [Thread-5] [INFO ] com.centerm.fud_demo.listener.FileListener - File Listener start...
[2021-10-07 18:02:51.264] [Thread-5] [INFO ] com.centerm.fud_demo.listener.FileListener - File Listener stop...
[2021-10-07 18:02:56.269] [Thread-5] [INFO ] com.centerm.fud_demo.listener.FileListener - File Listener start...
[2021-10-07 18:02:56.269] [Thread-5] [INFO ] com.centerm.fud_demo.listener.FileListener - File Listener stop...
[2021-10-07 18:03:01.273] [Thread-5] [INFO ] com.centerm.fud_demo.listener.FileListener - File Listener start...
[2021-10-07 18:03:01.273] [Thread-5] [INFO ] com.centerm.fud_demo.listener.FileListener - File Listener stop...
[2021-10-07 18:03:06.276] [Thread-5] [INFO ] com.centerm.fud_demo.listener.FileListener - File Listener start...
[2021-10-07 18:03:06.277] [Thread-5] [INFO ] com.centerm.fud_demo.listener.FileListener - File Listener stop...
[2021-10-07 18:03:11.282] [Thread-5] [INFO ] com.centerm.fud_demo.listener.FileListener - File Listener start...
[2021-10-07 18:03:11.282] [Thread-5] [INFO ] com.centerm.fud_demo.listener.FileListener - File Listener stop...
[2021-10-07 18:03:16.287] [Thread-5] [INFO ] com.centerm.fud_demo.listener.FileListener - File Listener start...
[2021-10-07 18:03:16.288] [Thread-5] [INFO ] com.centerm.fud_demo.listener.FileListener - File Listener stop...
[2021-10-07 18:03:21.290] [Thread-5] [INFO ] com.centerm.fud_demo.listener.FileListener - File Listener start...
[2021-10-07 18:03:21.291] [Thread-5] [INFO ] com.centerm.fud_demo.listener.FileListener - File Listener stop...
[2021-10-07 18:03:26.295] [Thread-5] [INFO ] com.centerm.fud_demo.listener.FileListener - File Listener start...
[2021-10-07 18:03:26.296] [Thread-5] [INFO ] com.centerm.fud_demo.listener.FileListener - File Listener stop...
[2021-10-07 18:03:31.301] [Thread-5] [INFO ] com.centerm.fud_demo.listener.FileListener - File Listener start...
[2021-10-07 18:03:31.302] [Thread-5] [INFO ] com.centerm.fud_demo.listener.FileListener - File Listener stop...
[2021-10-07 18:03:36.307] [Thread-5] [INFO ] com.centerm.fud_demo.listener.FileListener - File Listener start...
[2021-10-07 18:03:36.308] [Thread-5] [INFO ] com.centerm.fud_demo.listener.FileListener - File Listener stop...
[2021-10-07 18:03:41.309] [Thread-5] [INFO ] com.centerm.fud_demo.listener.FileListener - File Listener start...
[2021-10-07 18:03:41.310] [Thread-5] [INFO ] com.centerm.fud_demo.listener.FileListener - File Listener stop...
[2021-10-07 18:03:46.314] [Thread-5] [INFO ] com.centerm.fud_demo.listener.FileListener - File Listener start...
[2021-10-07 18:03:46.315] [Thread-5] [INFO ] com.centerm.fud_demo.listener.FileListener - File Listener stop...
[2021-10-07 18:03:51.320] [Thread-5] [INFO ] com.centerm.fud_demo.listener.FileListener - File Listener start...
[2021-10-07 18:03:51.321] [Thread-5] [INFO ] com.centerm.fud_demo.listener.FileListener - File Listener stop...
[2021-10-07 18:03:56.323] [Thread-5] [INFO ] com.centerm.fud_demo.listener.FileListener - File Listener start...
[2021-10-07 18:03:56.323] [Thread-5] [INFO ] com.centerm.fud_demo.listener.FileListener - File Listener stop...
[2021-10-07 18:04:01.328] [Thread-5] [INFO ] com.centerm.fud_demo.listener.FileListener - File Listener start...
[2021-10-07 18:04:01.329] [Thread-5] [INFO ] com.centerm.fud_demo.listener.FileListener - File Listener stop...
[2021-10-07 18:04:06.334] [Thread-5] [INFO ] com.centerm.fud_demo.listener.FileListener - File Listener start...
[2021-10-07 18:04:06.335] [Thread-5] [INFO ] com.centerm.fud_demo.listener.FileListener - File Listener stop...
[2021-10-07 18:04:11.338] [Thread-5] [INFO ] com.centerm.fud_demo.listener.FileListener - File Listener start...
[2021-10-07 18:04:11.339] [Thread-5] [INFO ] com.centerm.fud_demo.listener.FileListener - File Listener stop...
[2021-10-07 18:04:16.344] [Thread-5] [INFO ] com.centerm.fud_demo.listener.FileListener - File Listener start...
[2021-10-07 18:04:16.345] [Thread-5] [INFO ] com.centerm.fud_demo.listener.FileListener - File Listener stop...
[2021-10-07 18:04:21.348] [Thread-5] [INFO ] com.centerm.fud_demo.listener.FileListener - File Listener start...
[2021-10-07 18:04:21.349] [Thread-5] [INFO ] com.centerm.fud_demo.listener.FileListener - File Listener stop...
[2021-10-07 18:04:26.351] [Thread-5] [INFO ] com.centerm.fud_demo.listener.FileListener - File Listener start...
[2021-10-07 18:04:26.352] [Thread-5] [INFO ] com.centerm.fud_demo.listener.FileListener - File Listener stop...
[2021-10-07 18:04:31.357] [Thread-5] [INFO ] com.centerm.fud_demo.listener.FileListener - File Listener start...
[2021-10-07 18:04:31.358] [Thread-5] [INFO ] com.centerm.fud_demo.listener.FileListener - File Listener stop...
[2021-10-07 18:04:36.363] [Thread-5] [INFO ] com.centerm.fud_demo.listener.FileListener - File Listener start...
[2021-10-07 18:04:36.364] [Thread-5] [INFO ] com.centerm.fud_demo.listener.FileListener - File Listener stop...
[2021-10-07 18:04:41.364] [Thread-5] [INFO ] com.centerm.fud_demo.listener.FileListener - File Listener start...
[2021-10-07 18:04:41.365] [Thread-5] [INFO ] com.centerm.fud_demo.listener.FileListener - File Listener stop...
[2021-10-07 18:04:46.369] [Thread-5] [INFO ] com.centerm.fud_demo.listener.FileListener - File Listener start...
[2021-10-07 18:04:46.370] [Thread-5] [INFO ] com.centerm.fud_demo.listener.FileListener - File Listener stop...
[2021-10-07 18:04:51.379] [Thread-5] [INFO ] com.centerm.fud_demo.listener.FileListener - File Listener start...
[2021-10-07 18:04:51.379] [Thread-5] [INFO ] com.centerm.fud_demo.listener.FileListener - File Listener stop...
[2021-10-07 18:04:56.383] [Thread-5] [INFO ] com.centerm.fud_demo.listener.FileListener - File Listener start...
[2021-10-07 18:04:56.384] [Thread-5] [INFO ] com.centerm.fud_demo.listener.FileListener - File Listener stop...
[2021-10-07 18:05:01.387] [Thread-5] [INFO ] com.centerm.fud_demo.listener.FileListener - File Listener start...
[2021-10-07 18:05:01.388] [Thread-5] [INFO ] com.centerm.fud_demo.listener.FileListener - File Listener stop...
[2021-10-07 18:05:06.393] [Thread-5] [INFO ] com.centerm.fud_demo.listener.FileListener - File Listener start...
[2021-10-07 18:05:06.393] [Thread-5] [INFO ] com.centerm.fud_demo.listener.FileListener - File Listener stop...
[2021-10-07 18:05:11.394] [Thread-5] [INFO ] com.centerm.fud_demo.listener.FileListener - File Listener start...
[2021-10-07 18:05:11.394] [Thread-5] [INFO ] com.centerm.fud_demo.listener.FileListener - File Listener stop...
[2021-10-07 18:05:16.399] [Thread-5] [INFO ] com.centerm.fud_demo.listener.FileListener - File Listener start...
[2021-10-07 18:05:16.399] [Thread-5] [INFO ] com.centerm.fud_demo.listener.FileListener - File Listener stop...
[2021-10-07 18:05:21.402] [Thread-5] [INFO ] com.centerm.fud_demo.listener.FileListener - File Listener start...
[2021-10-07 18:05:21.402] [Thread-5] [INFO ] com.centerm.fud_demo.listener.FileListener - File Listener stop...
[2021-10-07 18:05:26.404] [Thread-5] [INFO ] com.centerm.fud_demo.listener.FileListener - File Listener start...
[2021-10-07 18:05:26.404] [Thread-5] [INFO ] com.centerm.fud_demo.listener.FileListener - File Listener stop...
[2021-10-07 18:05:31.409] [Thread-5] [INFO ] com.centerm.fud_demo.listener.FileListener - File Listener start...
[2021-10-07 18:05:31.410] [Thread-5] [INFO ] com.centerm.fud_demo.listener.FileListener - File Listener stop...
[2021-10-07 18:05:36.413] [Thread-5] [INFO ] com.centerm.fud_demo.listener.FileListener - File Listener start...
[2021-10-07 18:05:36.414] [Thread-5] [INFO ] com.centerm.fud_demo.listener.FileListener - File Listener stop...
[2021-10-07 18:05:41.416] [Thread-5] [INFO ] com.centerm.fud_demo.listener.FileListener - File Listener start...
[2021-10-07 18:05:41.416] [Thread-5] [INFO ] com.centerm.fud_demo.listener.FileListener - File Listener stop...
[2021-10-07 18:05:46.417] [Thread-5] [INFO ] com.centerm.fud_demo.listener.FileListener - File Listener start...
[2021-10-07 18:05:46.418] [Thread-5] [INFO ] com.centerm.fud_demo.listener.FileListener - File Listener stop...
[2021-10-07 18:05:51.420] [Thread-5] [INFO ] com.centerm.fud_demo.listener.FileListener - File Listener start...
[2021-10-07 18:05:51.420] [Thread-5] [INFO ] com.centerm.fud_demo.listener.FileListener - File Listener stop...
[2021-10-07 18:05:56.424] [Thread-5] [INFO ] com.centerm.fud_demo.listener.FileListener - File Listener start...
[2021-10-07 18:05:56.425] [Thread-5] [INFO ] com.centerm.fud_demo.listener.FileListener - File Listener stop...
[2021-10-07 18:06:01.430] [Thread-5] [INFO ] com.centerm.fud_demo.listener.FileListener - File Listener start...
[2021-10-07 18:06:01.431] [Thread-5] [INFO ] com.centerm.fud_demo.listener.FileListener - File Listener stop...
[2021-10-07 18:06:06.436] [Thread-5] [INFO ] com.centerm.fud_demo.listener.FileListener - File Listener start...
[2021-10-07 18:06:06.436] [Thread-5] [INFO ] com.centerm.fud_demo.listener.FileListener - File Listener stop...
[2021-10-07 18:06:11.441] [Thread-5] [INFO ] com.centerm.fud_demo.listener.FileListener - File Listener start...
[2021-10-07 18:06:11.442] [Thread-5] [INFO ] com.centerm.fud_demo.listener.FileListener - File Listener stop...
[2021-10-07 18:06:16.447] [Thread-5] [INFO ] com.centerm.fud_demo.listener.FileListener - File Listener start...
[2021-10-07 18:06:16.447] [Thread-5] [INFO ] com.centerm.fud_demo.listener.FileListener - File Listener stop...
[2021-10-07 18:06:21.450] [Thread-5] [INFO ] com.centerm.fud_demo.listener.FileListener - File Listener start...
[2021-10-07 18:06:21.451] [Thread-5] [INFO ] com.centerm.fud_demo.listener.FileListener - File Listener stop...
[2021-10-07 18:06:26.454] [Thread-5] [INFO ] com.centerm.fud_demo.listener.FileListener - File Listener start...
[2021-10-07 18:06:26.455] [Thread-5] [INFO ] com.centerm.fud_demo.listener.FileListener - File Listener stop...
[2021-10-07 18:06:31.460] [Thread-5] [INFO ] com.centerm.fud_demo.listener.FileListener - File Listener start...
[2021-10-07 18:06:31.460] [Thread-5] [INFO ] com.centerm.fud_demo.listener.FileListener - File Listener stop...
[2021-10-07 18:06:36.461] [Thread-5] [INFO ] com.centerm.fud_demo.listener.FileListener - File Listener start...
[2021-10-07 18:06:36.461] [Thread-5] [INFO ] com.centerm.fud_demo.listener.FileListener - File Listener stop...
[2021-10-07 18:06:41.467] [Thread-5] [INFO ] com.centerm.fud_demo.listener.FileListener - File Listener start...
[2021-10-07 18:06:41.484] [Thread-5] [INFO ] com.centerm.fud_demo.listener.FileListener - File Listener stop...
[2021-10-07 18:06:46.489] [Thread-5] [INFO ] com.centerm.fud_demo.listener.FileListener - File Listener start...
[2021-10-07 18:06:46.489] [Thread-5] [INFO ] com.centerm.fud_demo.listener.FileListener - File Listener stop...
[2021-10-07 18:06:51.494] [Thread-5] [INFO ] com.centerm.fud_demo.listener.FileListener - File Listener start...
[2021-10-07 18:06:51.495] [Thread-5] [INFO ] com.centerm.fud_demo.listener.FileListener - File Listener stop...
[2021-10-07 18:06:56.498] [Thread-5] [INFO ] com.centerm.fud_demo.listener.FileListener - File Listener start...
[2021-10-07 18:06:56.499] [Thread-5] [INFO ] com.centerm.fud_demo.listener.FileListener - File Listener stop...
[2021-10-07 18:07:01.500] [Thread-5] [INFO ] com.centerm.fud_demo.listener.FileListener - File Listener start...
[2021-10-07 18:07:01.500] [Thread-5] [INFO ] com.centerm.fud_demo.listener.FileListener - File Listener stop...
[2021-10-07 18:07:06.500] [Thread-5] [INFO ] com.centerm.fud_demo.listener.FileListener - File Listener start...
[2021-10-07 18:07:06.500] [Thread-5] [INFO ] com.centerm.fud_demo.listener.FileListener - File Listener stop...
[2021-10-07 18:07:11.505] [Thread-5] [INFO ] com.centerm.fud_demo.listener.FileListener - File Listener start...
[2021-10-07 18:07:11.511] [Thread-5] [INFO ] com.centerm.fud_demo.listener.FileListener - File Listener stop...
[2021-10-07 18:07:16.516] [Thread-5] [INFO ] com.centerm.fud_demo.listener.FileListener - File Listener start...
[2021-10-07 18:07:16.519] [Thread-5] [INFO ] com.centerm.fud_demo.listener.FileListener - File Listener stop...
[2021-10-07 18:07:21.523] [Thread-5] [INFO ] com.centerm.fud_demo.listener.FileListener - File Listener start...
[2021-10-07 18:07:21.524] [Thread-5] [INFO ] com.centerm.fud_demo.listener.FileListener - File Listener stop...
[2021-10-07 18:07:26.529] [Thread-5] [INFO ] com.centerm.fud_demo.listener.FileListener - File Listener start...
[2021-10-07 18:07:26.529] [Thread-5] [INFO ] com.centerm.fud_demo.listener.FileListener - File Listener stop...
[2021-10-07 18:07:31.533] [Thread-5] [INFO ] com.centerm.fud_demo.listener.FileListener - File Listener start...
[2021-10-07 18:07:31.534] [Thread-5] [INFO ] com.centerm.fud_demo.listener.FileListener - File Listener stop...
[2021-10-07 18:07:36.539] [Thread-5] [INFO ] com.centerm.fud_demo.listener.FileListener - File Listener start...
[2021-10-07 18:07:36.539] [Thread-5] [INFO ] com.centerm.fud_demo.listener.FileListener - File Listener stop...
[2021-10-07 18:07:41.543] [Thread-5] [INFO ] com.centerm.fud_demo.listener.FileListener - File Listener start...
[2021-10-07 18:07:41.544] [Thread-5] [INFO ] com.centerm.fud_demo.listener.FileListener - File Listener stop...
[2021-10-07 18:07:46.547] [Thread-5] [INFO ] com.centerm.fud_demo.listener.FileListener - File Listener start...
[2021-10-07 18:07:46.548] [Thread-5] [INFO ] com.centerm.fud_demo.listener.FileListener - File Listener stop...
[2021-10-07 18:07:51.553] [Thread-5] [INFO ] com.centerm.fud_demo.listener.FileListener - File Listener start...
[2021-10-07 18:07:51.568] [Thread-5] [INFO ] com.centerm.fud_demo.listener.FileListener - File Listener stop...
[2021-10-07 18:07:56.573] [Thread-5] [INFO ] com.centerm.fud_demo.listener.FileListener - File Listener start...
[2021-10-07 18:07:56.573] [Thread-5] [INFO ] com.centerm.fud_demo.listener.FileListener - File Listener stop...
[2021-10-07 18:08:01.575] [Thread-5] [INFO ] com.centerm.fud_demo.listener.FileListener - File Listener start...
[2021-10-07 18:08:01.576] [Thread-5] [INFO ] com.centerm.fud_demo.listener.FileListener - File Listener stop...
[2021-10-07 18:08:06.580] [Thread-5] [INFO ] com.centerm.fud_demo.listener.FileListener - File Listener start...
[2021-10-07 18:08:06.580] [Thread-5] [INFO ] com.centerm.fud_demo.listener.FileListener - File Listener stop...
[2021-10-07 18:08:11.581] [Thread-5] [INFO ] com.centerm.fud_demo.listener.FileListener - File Listener start...
[2021-10-07 18:08:11.582] [Thread-5] [INFO ] com.centerm.fud_demo.listener.FileListener - File Listener stop...
[2021-10-07 18:08:16.583] [Thread-5] [INFO ] com.centerm.fud_demo.listener.FileListener - File Listener start...
[2021-10-07 18:08:16.584] [Thread-5] [INFO ] com.centerm.fud_demo.listener.FileListener - File Listener stop...
[2021-10-07 18:08:21.584] [Thread-5] [INFO ] com.centerm.fud_demo.listener.FileListener - File Listener start...
[2021-10-07 18:08:21.584] [Thread-5] [INFO ] com.centerm.fud_demo.listener.FileListener - File Listener stop...
[2021-10-07 18:08:26.587] [Thread-5] [INFO ] com.centerm.fud_demo.listener.FileListener - File Listener start...
[2021-10-07 18:08:26.588] [Thread-5] [INFO ] com.centerm.fud_demo.listener.FileListener - File Listener stop...
[2021-10-07 18:08:31.593] [Thread-5] [INFO ] com.centerm.fud_demo.listener.FileListener - File Listener start...
[2021-10-07 18:08:31.593] [Thread-5] [INFO ] com.centerm.fud_demo.listener.FileListener - File Listener stop...
[2021-10-07 18:08:36.598] [Thread-5] [INFO ] com.centerm.fud_demo.listener.FileListener - File Listener start...
[2021-10-07 18:08:36.599] [Thread-5] [INFO ] com.centerm.fud_demo.listener.FileListener - File Listener stop...
[2021-10-07 18:08:41.599] [Thread-5] [INFO ] com.centerm.fud_demo.listener.FileListener - File Listener start...
[2021-10-07 18:08:41.600] [Thread-5] [INFO ] com.centerm.fud_demo.listener.FileListener - File Listener stop...
[2021-10-07 18:08:46.604] [Thread-5] [INFO ] com.centerm.fud_demo.listener.FileListener - File Listener start...
[2021-10-07 18:08:46.608] [Thread-5] [INFO ] com.centerm.fud_demo.listener.FileListener - File Listener stop...
[2021-10-07 18:08:51.609] [Thread-5] [INFO ] com.centerm.fud_demo.listener.FileListener - File Listener start...
[2021-10-07 18:08:51.610] [Thread-5] [INFO ] com.centerm.fud_demo.listener.FileListener - File Listener stop...
[2021-10-07 18:08:56.612] [Thread-5] [INFO ] com.centerm.fud_demo.listener.FileListener - File Listener start...
[2021-10-07 18:08:56.613] [Thread-5] [INFO ] com.centerm.fud_demo.listener.FileListener - File Listener stop...
[2021-10-07 18:09:01.613] [Thread-5] [INFO ] com.centerm.fud_demo.listener.FileListener - File Listener start...
[2021-10-07 18:09:01.614] [Thread-5] [INFO ] com.centerm.fud_demo.listener.FileListener - File Listener stop...
[2021-10-07 18:09:06.615] [Thread-5] [INFO ] com.centerm.fud_demo.listener.FileListener - File Listener start...
[2021-10-07 18:09:06.616] [Thread-5] [INFO ] com.centerm.fud_demo.listener.FileListener - File Listener stop...
[2021-10-07 18:09:11.616] [Thread-5] [INFO ] com.centerm.fud_demo.listener.FileListener - File Listener start...
[2021-10-07 18:09:11.617] [Thread-5] [INFO ] com.centerm.fud_demo.listener.FileListener - File Listener stop...
[2021-10-07 18:09:16.617] [Thread-5] [INFO ] com.centerm.fud_demo.listener.FileListener - File Listener start...
[2021-10-07 18:09:16.618] [Thread-5] [INFO ] com.centerm.fud_demo.listener.FileListener - File Listener stop...
[2021-10-07 18:09:21.619] [Thread-5] [INFO ] com.centerm.fud_demo.listener.FileListener - File Listener start...
[2021-10-07 18:09:21.628] [Thread-5] [INFO ] com.centerm.fud_demo.listener.FileListener - File Listener stop...
[2021-10-07 18:09:26.634] [Thread-5] [INFO ] com.centerm.fud_demo.listener.FileListener - File Listener start...
[2021-10-07 18:09:26.634] [Thread-5] [INFO ] com.centerm.fud_demo.listener.FileListener - File Listener stop...
[2021-10-07 18:09:31.637] [Thread-5] [INFO ] com.centerm.fud_demo.listener.FileListener - File Listener start...
[2021-10-07 18:09:31.638] [Thread-5] [INFO ] com.centerm.fud_demo.listener.FileListener - File Listener stop...
[2021-10-07 18:09:36.642] [Thread-5] [INFO ] com.centerm.fud_demo.listener.FileListener - File Listener start...
[2021-10-07 18:09:36.643] [Thread-5] [INFO ] com.centerm.fud_demo.listener.FileListener - File Listener stop...
[2021-10-07 18:09:41.647] [Thread-5] [INFO ] com.centerm.fud_demo.listener.FileListener - File Listener start...
[2021-10-07 18:09:41.649] [Thread-5] [INFO ] com.centerm.fud_demo.listener.FileListener - File Listener stop...
[2021-10-07 18:09:46.649] [Thread-5] [INFO ] com.centerm.fud_demo.listener.FileListener - File Listener start...
[2021-10-07 18:09:46.650] [Thread-5] [INFO ] com.centerm.fud_demo.listener.FileListener - File Listener stop...
[2021-10-07 18:09:51.655] [Thread-5] [INFO ] com.centerm.fud_demo.listener.FileListener - File Listener start...
[2021-10-07 18:09:51.656] [Thread-5] [INFO ] com.centerm.fud_demo.listener.FileListener - File Listener stop...
[2021-10-07 18:09:56.661] [Thread-5] [INFO ] com.centerm.fud_demo.listener.FileListener - File Listener start...
[2021-10-07 18:09:56.662] [Thread-5] [INFO ] com.centerm.fud_demo.listener.FileListener - File Listener stop...
[2021-10-07 18:10:01.668] [Thread-5] [INFO ] com.centerm.fud_demo.listener.FileListener - File Listener start...
[2021-10-07 18:10:01.668] [Thread-5] [INFO ] com.centerm.fud_demo.listener.FileListener - File Listener stop...
[2021-10-07 18:10:06.670] [Thread-5] [INFO ] com.centerm.fud_demo.listener.FileListener - File Listener start...
[2021-10-07 18:10:06.671] [Thread-5] [INFO ] com.centerm.fud_demo.listener.FileListener - File Listener stop...
[2021-10-07 18:10:11.673] [Thread-5] [INFO ] com.centerm.fud_demo.listener.FileListener - File Listener start...
[2021-10-07 18:10:11.673] [Thread-5] [INFO ] com.centerm.fud_demo.listener.FileListener - File Listener stop...
[2021-10-07 18:10:16.677] [Thread-5] [INFO ] com.centerm.fud_demo.listener.FileListener - File Listener start...
[2021-10-07 18:10:16.678] [Thread-5] [INFO ] com.centerm.fud_demo.listener.FileListener - File Listener stop...
[2021-10-07 18:10:21.680] [Thread-5] [INFO ] com.centerm.fud_demo.listener.FileListener - File Listener start...
[2021-10-07 18:10:21.680] [Thread-5] [INFO ] com.centerm.fud_demo.listener.FileListener - File Listener stop...
[2021-10-07 18:10:26.685] [Thread-5] [INFO ] com.centerm.fud_demo.listener.FileListener - File Listener start...
[2021-10-07 18:10:26.686] [Thread-5] [INFO ] com.centerm.fud_demo.listener.FileListener - File Listener stop...
[2021-10-07 18:10:31.688] [Thread-5] [INFO ] com.centerm.fud_demo.listener.FileListener - File Listener start...
[2021-10-07 18:10:31.688] [Thread-5] [INFO ] com.centerm.fud_demo.listener.FileListener - File Listener stop...
[2021-10-07 18:10:36.693] [Thread-5] [INFO ] com.centerm.fud_demo.listener.FileListener - File Listener start...
[2021-10-07 18:10:36.694] [Thread-5] [INFO ] com.centerm.fud_demo.listener.FileListener - File Listener stop...
[2021-10-07 18:10:41.698] [Thread-5] [INFO ] com.centerm.fud_demo.listener.FileListener - File Listener start...
[2021-10-07 18:10:41.699] [Thread-5] [INFO ] com.centerm.fud_demo.listener.FileListener - File Listener stop...
[2021-10-07 18:10:46.699] [Thread-5] [INFO ] com.centerm.fud_demo.listener.FileListener - File Listener start...
[2021-10-07 18:10:46.700] [Thread-5] [INFO ] com.centerm.fud_demo.listener.FileListener - File Listener stop...
[2021-10-07 18:10:51.703] [Thread-5] [INFO ] com.centerm.fud_demo.listener.FileListener - File Listener start...
[2021-10-07 18:10:51.703] [Thread-5] [INFO ] com.centerm.fud_demo.listener.FileListener - File Listener stop...
[2021-10-07 18:10:56.707] [Thread-5] [INFO ] com.centerm.fud_demo.listener.FileListener - File Listener start...
[2021-10-07 18:10:56.708] [Thread-5] [INFO ] com.centerm.fud_demo.listener.FileListener - File Listener stop...
[2021-10-07 18:11:01.713] [Thread-5] [INFO ] com.centerm.fud_demo.listener.FileListener - File Listener start...
[2021-10-07 18:11:01.713] [Thread-5] [INFO ] com.centerm.fud_demo.listener.FileListener - File Listener stop...
[2021-10-07 18:11:06.717] [Thread-5] [INFO ] com.centerm.fud_demo.listener.FileListener - File Listener start...
[2021-10-07 18:11:06.718] [Thread-5] [INFO ] com.centerm.fud_demo.listener.FileListener - File Listener stop...
[2021-10-07 18:11:11.723] [Thread-5] [INFO ] com.centerm.fud_demo.listener.FileListener - File Listener start...
[2021-10-07 18:11:11.724] [Thread-5] [INFO ] com.centerm.fud_demo.listener.FileListener - File Listener stop...
[2021-10-07 18:11:16.729] [Thread-5] [INFO ] com.centerm.fud_demo.listener.FileListener - File Listener start...
[2021-10-07 18:11:16.730] [Thread-5] [INFO ] com.centerm.fud_demo.listener.FileListener - File Listener stop...
[2021-10-07 18:11:21.736] [Thread-5] [INFO ] com.centerm.fud_demo.listener.FileListener - File Listener start...
[2021-10-07 18:11:21.736] [Thread-5] [INFO ] com.centerm.fud_demo.listener.FileListener - File Listener stop...
[2021-10-07 18:11:26.739] [Thread-5] [INFO ] com.centerm.fud_demo.listener.FileListener - File Listener start...
[2021-10-07 18:11:26.739] [Thread-5] [INFO ] com.centerm.fud_demo.listener.FileListener - File Listener stop...
[2021-10-07 18:11:31.741] [Thread-5] [INFO ] com.centerm.fud_demo.listener.FileListener - File Listener start...
[2021-10-07 18:11:31.742] [Thread-5] [INFO ] com.centerm.fud_demo.listener.FileListener - File Listener stop...
[2021-10-07 18:11:36.742] [Thread-5] [INFO ] com.centerm.fud_demo.listener.FileListener - File Listener start...
[2021-10-07 18:11:36.743] [Thread-5] [INFO ] com.centerm.fud_demo.listener.FileListener - File Listener stop...
[2021-10-07 18:11:41.747] [Thread-5] [INFO ] com.centerm.fud_demo.listener.FileListener - File Listener start...
[2021-10-07 18:11:41.756] [Thread-5] [INFO ] com.centerm.fud_demo.listener.FileListener - File Listener stop...
[2021-10-07 18:11:46.756] [Thread-5] [INFO ] com.centerm.fud_demo.listener.FileListener - File Listener start...
[2021-10-07 18:11:46.757] [Thread-5] [INFO ] com.centerm.fud_demo.listener.FileListener - File Listener stop...
[2021-10-07 18:11:51.760] [Thread-5] [INFO ] com.centerm.fud_demo.listener.FileListener - File Listener start...
[2021-10-07 18:11:51.785] [Thread-5] [INFO ] com.centerm.fud_demo.listener.FileListener - File Listener stop...
[2021-10-07 18:11:56.785] [Thread-5] [INFO ] com.centerm.fud_demo.listener.FileListener - File Listener start...
[2021-10-07 18:11:56.803] [Thread-5] [INFO ] com.centerm.fud_demo.listener.FileListener - File Listener stop...
[2021-10-07 18:12:01.808] [Thread-5] [INFO ] com.centerm.fud_demo.listener.FileListener - File Listener start...
[2021-10-07 18:12:01.809] [Thread-5] [INFO ] com.centerm.fud_demo.listener.FileListener - File Listener stop...
[2021-10-07 18:12:06.814] [Thread-5] [INFO ] com.centerm.fud_demo.listener.FileListener - File Listener start...
[2021-10-07 18:12:06.815] [Thread-5] [INFO ] com.centerm.fud_demo.listener.FileListener - File Listener stop...
[2021-10-07 18:12:11.816] [Thread-5] [INFO ] com.centerm.fud_demo.listener.FileListener - File Listener start...
[2021-10-07 18:12:11.817] [Thread-5] [INFO ] com.centerm.fud_demo.listener.FileListener - File Listener stop...
[2021-10-07 18:12:16.818] [Thread-5] [INFO ] com.centerm.fud_demo.listener.FileListener - File Listener start...
[2021-10-07 18:12:16.818] [Thread-5] [INFO ] com.centerm.fud_demo.listener.FileListener - File Listener stop...
[2021-10-07 18:12:21.819] [Thread-5] [INFO ] com.centerm.fud_demo.listener.FileListener - File Listener start...
[2021-10-07 18:12:21.820] [Thread-5] [INFO ] com.centerm.fud_demo.listener.FileListener - File Listener stop...
[2021-10-07 18:12:26.821] [Thread-5] [INFO ] com.centerm.fud_demo.listener.FileListener - File Listener start...
[2021-10-07 18:12:26.822] [Thread-5] [INFO ] com.centerm.fud_demo.listener.FileListener - File Listener stop...
[2021-10-07 18:12:31.825] [Thread-5] [INFO ] com.centerm.fud_demo.listener.FileListener - File Listener start...
[2021-10-07 18:12:31.825] [Thread-5] [INFO ] com.centerm.fud_demo.listener.FileListener - File Listener stop...
[2021-10-07 18:12:36.827] [Thread-5] [INFO ] com.centerm.fud_demo.listener.FileListener - File Listener start...
[2021-10-07 18:12:36.843] [Thread-5] [INFO ] com.centerm.fud_demo.listener.FileListener - File Listener stop...
[2021-10-07 18:12:41.847] [Thread-5] [INFO ] com.centerm.fud_demo.listener.FileListener - File Listener start...
[2021-10-07 18:12:41.848] [Thread-5] [INFO ] com.centerm.fud_demo.listener.FileListener - File Listener stop...
[2021-10-07 18:12:46.853] [Thread-5] [INFO ] com.centerm.fud_demo.listener.FileListener - File Listener start...
[2021-10-07 18:12:46.853] [Thread-5] [INFO ] com.centerm.fud_demo.listener.FileListener - File Listener stop...
[2021-10-07 18:12:51.859] [Thread-5] [INFO ] com.centerm.fud_demo.listener.FileListener - File Listener start...
[2021-10-07 18:12:51.859] [Thread-5] [INFO ] com.centerm.fud_demo.listener.FileListener - File Listener stop...
[2021-10-07 18:12:56.864] [Thread-5] [INFO ] com.centerm.fud_demo.listener.FileListener - File Listener start...
[2021-10-07 18:12:56.865] [Thread-5] [INFO ] com.centerm.fud_demo.listener.FileListener - File Listener stop...
[2021-10-07 18:13:01.869] [Thread-5] [INFO ] com.centerm.fud_demo.listener.FileListener - File Listener start...
[2021-10-07 18:13:01.870] [Thread-5] [INFO ] com.centerm.fud_demo.listener.FileListener - File Listener stop...
[2021-10-07 18:13:06.873] [Thread-5] [INFO ] com.centerm.fud_demo.listener.FileListener - File Listener start...
[2021-10-07 18:13:06.873] [Thread-5] [INFO ] com.centerm.fud_demo.listener.FileListener - File Listener stop...
[2021-10-07 18:13:11.878] [Thread-5] [INFO ] com.centerm.fud_demo.listener.FileListener - File Listener start...
[2021-10-07 18:13:11.879] [Thread-5] [INFO ] com.centerm.fud_demo.listener.FileListener - File Listener stop...
[2021-10-07 18:13:16.880] [Thread-5] [INFO ] com.centerm.fud_demo.listener.FileListener - File Listener start...
[2021-10-07 18:13:16.880] [Thread-5] [INFO ] com.centerm.fud_demo.listener.FileListener - File Listener stop...
[2021-10-07 18:13:21.882] [Thread-5] [INFO ] com.centerm.fud_demo.listener.FileListener - File Listener start...
[2021-10-07 18:13:21.900] [Thread-5] [INFO ] com.centerm.fud_demo.listener.FileListener - File Listener stop...
[2021-10-07 18:13:26.905] [Thread-5] [INFO ] com.centerm.fud_demo.listener.FileListener - File Listener start...
[2021-10-07 18:13:26.906] [Thread-5] [INFO ] com.centerm.fud_demo.listener.FileListener - File Listener stop...
[2021-10-07 18:13:31.910] [Thread-5] [INFO ] com.centerm.fud_demo.listener.FileListener - File Listener start...
[2021-10-07 18:13:31.911] [Thread-5] [INFO ] com.centerm.fud_demo.listener.FileListener - File Listener stop...
[2021-10-07 18:13:36.913] [Thread-5] [INFO ] com.centerm.fud_demo.listener.FileListener - File Listener start...
[2021-10-07 18:13:36.914] [Thread-5] [INFO ] com.centerm.fud_demo.listener.FileListener - File Listener stop...
[2021-10-07 18:13:41.916] [Thread-5] [INFO ] com.centerm.fud_demo.listener.FileListener - File Listener start...
[2021-10-07 18:13:41.917] [Thread-5] [INFO ] com.centerm.fud_demo.listener.FileListener - File Listener stop...
[2021-10-07 18:13:46.920] [Thread-5] [INFO ] com.centerm.fud_demo.listener.FileListener - File Listener start...
[2021-10-07 18:13:46.920] [Thread-5] [INFO ] com.centerm.fud_demo.listener.FileListener - File Listener stop...
[2021-10-07 18:13:51.925] [Thread-5] [INFO ] com.centerm.fud_demo.listener.FileListener - File Listener start...
[2021-10-07 18:13:51.929] [Thread-5] [INFO ] com.centerm.fud_demo.listener.FileListener - File Listener stop...
[2021-10-07 18:13:56.934] [Thread-5] [INFO ] com.centerm.fud_demo.listener.FileListener - File Listener start...
[2021-10-07 18:13:56.935] [Thread-5] [INFO ] com.centerm.fud_demo.listener.FileListener - File Listener stop...
[2021-10-07 18:14:01.939] [Thread-5] [INFO ] com.centerm.fud_demo.listener.FileListener - File Listener start...
[2021-10-07 18:14:01.939] [Thread-5] [INFO ] com.centerm.fud_demo.listener.FileListener - File Listener stop...
[2021-10-07 18:14:06.944] [Thread-5] [INFO ] com.centerm.fud_demo.listener.FileListener - File Listener start...
[2021-10-07 18:14:06.944] [Thread-5] [INFO ] com.centerm.fud_demo.listener.FileListener - File Listener stop...
[2021-10-07 18:14:11.949] [Thread-5] [INFO ] com.centerm.fud_demo.listener.FileListener - File Listener start...
[2021-10-07 18:14:11.949] [Thread-5] [INFO ] com.centerm.fud_demo.listener.FileListener - File Listener stop...
[2021-10-07 18:14:12.902] [SpringContextShutdownHook] [INFO ] o.s.scheduling.concurrent.ThreadPoolTaskExecutor - Shutting down ExecutorService 'defaultThreadPool'
